<InvoiceData xmlns="http://schemas.nav.gov.hu/OSA/2.0/data">
    <invoiceNumber>12345678/2020</invoiceNumber>
    <invoiceIssueDate>2020-10-09</invoiceIssueDate>
    <invoiceMain>
        <invoice>
            <invoiceHead>
                <supplierInfo>
                    <supplierTaxNumber>
                        <taxpayerId>68558132</taxpayerId>
                    </supplierTaxNumber>
                    <supplierName>FEHÉR GÁBOR TAMÁS</supplierName>
                    <supplierAddress>
                        <detailedAddress>
                            <countryCode>HU</countryCode>
                            <postalCode>2131</postalCode>
                            <city>GÖD</city>
                            <streetName>KÖZTÁRSASÁG ÚT 32</streetName>
                            <publicPlaceCategory>ÚT</publicPlaceCategory>
                            <number>32</number>
                        </detailedAddress>
                    </supplierAddress>
                </supplierInfo>
                <customerInfo>
                    <customerTaxNumber>
                        <taxpayerId>68293008</taxpayerId>
                    </customerTaxNumber>
                    <customerName>KULIK PÉTER</customerName>
                    <customerAddress>
                        <detailedAddress>
                            <countryCode>HU</countryCode>
                            <postalCode>8060</postalCode>
                            <city>MÓR</city>
                            <streetName>FELLNER JAKAB</streetName>
                            <publicPlaceCategory>UTCA</publicPlaceCategory>
                            <number>8</number>
                        </detailedAddress>
                    </customerAddress>
                </customerInfo>
                <invoiceDetail>
                    <invoiceCategory>NORMAL</invoiceCategory>
                    <invoiceDeliveryDate>2020-10-09</invoiceDeliveryDate>
                    <periodicalSettlement>false</periodicalSettlement>
                    <smallBusinessIndicator>false</smallBusinessIndicator>
                    <currencyCode>HUF</currencyCode>
                    <exchangeRate>1</exchangeRate>
                    <selfBillingIndicator>false</selfBillingIndicator>
                    <paymentMethod>TRANSFER</paymentMethod>
                    <cashAccountingIndicator>false</cashAccountingIndicator>
                    <invoiceAppearance>PAPER</invoiceAppearance>
                    <additionalInvoiceData>
                        <dataName>A12345_A</dataName>
                        <dataDescription>Tesztelünk Petivel, nem ám megadóztatni minket!</dataDescription>
                        <dataValue>1000</dataValue>
                    </additionalInvoiceData>
                </invoiceDetail>
            </invoiceHead>
            <invoiceLines>
                <line>
                    <lineNumber>1</lineNumber>
                    <lineExpressionIndicator>true</lineExpressionIndicator>
                    <lineNatureIndicator>PRODUCT</lineNatureIndicator>
                    <lineDescription>BAB</lineDescription>
                    <quantity>2</quantity>
                    <unitOfMeasure>PIECE</unitOfMeasure>
                    <unitPrice>5</unitPrice>
                    <unitPriceHUF>5</unitPriceHUF>
                    <lineDiscountData>
                        <discountDescription>AZÉ ME JÓFEJ!</discountDescription>
                        <discountValue>2</discountValue>
                        <discountRate>0.2</discountRate>
                    </lineDiscountData>
                    <lineAmountsNormal>
                        <lineNetAmountData>
                            <lineNetAmount>10</lineNetAmount>
                            <lineNetAmountHUF>10</lineNetAmountHUF>
                        </lineNetAmountData>
                        <lineVatRate>
                            <vatPercentage>0.27</vatPercentage>
                        </lineVatRate>
                        <lineVatData>
                            <lineVatAmount>2.7</lineVatAmount>
                            <lineVatAmountHUF>2.7</lineVatAmountHUF>
                        </lineVatData>
                        <lineGrossAmountData>
                            <lineGrossAmountNormal>12.7</lineGrossAmountNormal>
                            <lineGrossAmountNormalHUF>12.7</lineGrossAmountNormalHUF>
                        </lineGrossAmountData>
                    </lineAmountsNormal>
                </line>
                <line>
                    <lineNumber>2</lineNumber>
                    <lineExpressionIndicator>true</lineExpressionIndicator>
                    <lineNatureIndicator>PRODUCT</lineNatureIndicator>
                    <lineDescription>MÁK</lineDescription>
                    <quantity>3</quantity>
                    <unitOfMeasure>PIECE</unitOfMeasure>
                    <unitPrice>10</unitPrice>
                    <unitPriceHUF>10</unitPriceHUF>
                    <lineAmountsNormal>
                        <lineNetAmountData>
                            <lineNetAmount>30</lineNetAmount>
                            <lineNetAmountHUF>30</lineNetAmountHUF>
                        </lineNetAmountData>
                        <lineVatRate>
                            <vatPercentage>0.05</vatPercentage>
                        </lineVatRate>
                        <lineVatData>
                            <lineVatAmount>1.5</lineVatAmount>
                            <lineVatAmountHUF>1.5</lineVatAmountHUF>
                        </lineVatData>
                        <lineGrossAmountData>
                            <lineGrossAmountNormal>31.5</lineGrossAmountNormal>
                            <lineGrossAmountNormalHUF>31.5</lineGrossAmountNormalHUF>
                        </lineGrossAmountData>
                    </lineAmountsNormal>
                </line>
            </invoiceLines>
            <invoiceSummary>
                <summaryNormal>
                    <summaryByVatRate>
                        <vatRate>
                            <vatPercentage>0.27</vatPercentage>
                        </vatRate>
                        <vatRateNetData>
                            <vatRateNetAmount>10</vatRateNetAmount>
                            <vatRateNetAmountHUF>10</vatRateNetAmountHUF>
                        </vatRateNetData>
                        <vatRateVatData>
                            <vatRateVatAmount>2.7</vatRateVatAmount>
                            <vatRateVatAmountHUF>2.7</vatRateVatAmountHUF>
                        </vatRateVatData>
                        <vatRateGrossData>
                            <vatRateGrossAmount>12.7</vatRateGrossAmount>
                            <vatRateGrossAmountHUF>12.7</vatRateGrossAmountHUF>
                        </vatRateGrossData>
                    </summaryByVatRate>
                    <summaryByVatRate>
                        <vatRate>
                            <vatPercentage>0.05</vatPercentage>
                        </vatRate>
                        <vatRateNetData>
                            <vatRateNetAmount>30</vatRateNetAmount>
                            <vatRateNetAmountHUF>30</vatRateNetAmountHUF>
                        </vatRateNetData>
                        <vatRateVatData>
                            <vatRateVatAmount>1.5</vatRateVatAmount>
                            <vatRateVatAmountHUF>1.5</vatRateVatAmountHUF>
                        </vatRateVatData>
                        <vatRateGrossData>
                            <vatRateGrossAmount>31.5</vatRateGrossAmount>
                            <vatRateGrossAmountHUF>31.5</vatRateGrossAmountHUF>
                        </vatRateGrossData>
                    </summaryByVatRate>
                    <invoiceNetAmount>40</invoiceNetAmount>
                    <invoiceNetAmountHUF>40</invoiceNetAmountHUF>
                    <invoiceVatAmount>4.2</invoiceVatAmount>
                    <invoiceVatAmountHUF>4.2</invoiceVatAmountHUF>
                </summaryNormal>
                <summaryGrossData>
                    <invoiceGrossAmount>44.2</invoiceGrossAmount>
                    <invoiceGrossAmountHUF>44.2</invoiceGrossAmountHUF>
                </summaryGrossData>
            </invoiceSummary>
        </invoice>
    </invoiceMain>
</InvoiceData>